<?xml version="1.0" encoding="UTF-8"?>
<!-- Generated by org.testng.reporters.JUnitReportReporter -->
<testsuite hostname="DESKTOP-82HT3FV" failures="0" tests="1" name="concepts.AssertDemo" time="6.204" errors="0" timestamp="2024-06-20T21:17:48 IST" skipped="0">
  <testcase classname="concepts.AssertDemo" name="test" time="6.204"/>
</testsuite> <!-- concepts.AssertDemo -->
