<?xml version="1.0" encoding="UTF-8"?>
<!-- Generated by org.testng.reporters.JUnitReportReporter -->
<testsuite hostname="DESKTOP-82HT3FV" failures="0" tests="1" name="concepts.DataProviderDemo" time="0.036" errors="0" timestamp="2024-06-20T20:24:34 IST" skipped="0">
  <testcase classname="concepts.DataProviderDemo" name="MyTest" time="0.036"/>
</testsuite> <!-- concepts.DataProviderDemo -->
