<?xml version="1.0" encoding="UTF-8"?>
<!-- Generated by org.testng.reporters.JUnitReportReporter -->
<testsuite hostname="DESKTOP-82HT3FV" failures="0" tests="1" name="concepts.POIExample" time="1.272" errors="0" timestamp="2024-06-21T20:07:42 IST" skipped="0">
  <testcase classname="concepts.POIExample" name="readFile" time="1.272"/>
</testsuite> <!-- concepts.POIExample -->
