<?xml version="1.0" encoding="UTF-8"?>
<!-- Generated by org.testng.reporters.JUnitReportReporter -->
<testsuite hostname="DESKTOP-82HT3FV" failures="0" tests="3" name="basics.AnnotationsAttribute" time="0.057" errors="0" timestamp="2024-06-19T21:53:04 IST" skipped="0">
  <testcase classname="basics.AnnotationsAttribute" name="apple" time="0.036"/>
  <testcase classname="basics.AnnotationsAttribute" name="dog" time="0.017"/>
  <testcase classname="basics.AnnotationsAttribute" name="banana" time="0.004"/>
</testsuite> <!-- basics.AnnotationsAttribute -->
