<?xml version="1.0" encoding="UTF-8"?>
<!-- Generated by org.testng.reporters.JUnitReportReporter -->
<testsuite hostname="DESKTOP-82HT3FV" failures="0" tests="2" name="crossbrowser.ParellelTesting" time="12.484" errors="0" timestamp="2024-06-20T20:08:10 IST" skipped="0">
  <testcase classname="crossbrowser.ParellelTesting" name="openGoogle" time="6.563"/>
  <testcase classname="crossbrowser.ParellelTesting" name="openFacebook" time="5.921"/>
</testsuite> <!-- crossbrowser.ParellelTesting -->
