<?xml version="1.0" encoding="UTF-8"?>
<!-- Generated by org.testng.reporters.JUnitReportReporter -->
<testsuite hostname="DESKTOP-82HT3FV" failures="0" tests="2" name="crossbrowser.TestCrossBrowesrTesting" time="3.874" errors="0" timestamp="2024-06-20T19:47:24 IST" skipped="0">
  <testcase classname="crossbrowser.TestCrossBrowesrTesting" name="openUrl" time="1.956"/>
  <testcase classname="crossbrowser.TestCrossBrowesrTesting" name="openUrl" time="1.918"/>
</testsuite> <!-- crossbrowser.TestCrossBrowesrTesting -->
