<?xml version="1.0" encoding="UTF-8"?>
<!-- Generated by org.testng.reporters.JUnitReportReporter -->
<testsuite hostname="DESKTOP-82HT3FV" failures="0" tests="1" name="basics.TestGoogleSearch" time="1.542" errors="0" timestamp="2024-06-19T20:41:27 IST" skipped="0">
  <testcase classname="basics.TestGoogleSearch" name="testSeacrchBox" time="1.542"/>
</testsuite> <!-- basics.TestGoogleSearch -->
